app/manifest-merger-release-report.txt
-- Merging decision tree log ---
manifest
ADDED from AndroidManifest.xml:2:1
	xmlns:tools
		ADDED from AndroidManifest.xml:3:5
	xmlns:android
		ADDED from AndroidManifest.xml:2:11
	package
		ADDED from AndroidManifest.xml:4:5
		INJECTED from AndroidManifest.xml:0:0
		INJECTED from AndroidManifest.xml:0:0
	android:versionName
		INJECTED from AndroidManifest.xml:0:0
		INJECTED from AndroidManifest.xml:0:0
	android:versionCode
		INJECTED from AndroidManifest.xml:0:0
		INJECTED from AndroidManifest.xml:0:0
uses-permission#android.permission.ACCESS_SUPERUSER
ADDED from AndroidManifest.xml:6:5
	android:name
		ADDED from AndroidManifest.xml:6:22
uses-permission#android.permission.WRITE_EXTERNAL_STORAGE
ADDED from AndroidManifest.xml:7:5
	android:name
		ADDED from AndroidManifest.xml:7:22
uses-permission#android.permission.WRITE_INTERNAL_STORAGE
ADDED from AndroidManifest.xml:8:5
	android:name
		ADDED from AndroidManifest.xml:8:22
uses-permission#android.permission.READ_EXTERNAL_STORAGE
ADDED from AndroidManifest.xml:9:5
	android:name
		ADDED from AndroidManifest.xml:9:22
uses-permission#android.permission.ACCESS_ALL_EXTERNAL_STORAGE
ADDED from AndroidManifest.xml:10:5
	android:name
		ADDED from AndroidManifest.xml:10:22
uses-permission#android.permission.WRITE_MEDIA_STORAGE
ADDED from AndroidManifest.xml:11:5
	android:name
		ADDED from AndroidManifest.xml:12:9
	tools:ignore
		ADDED from AndroidManifest.xml:13:9
application
ADDED from AndroidManifest.xml:15:5
MERGED from com.github.gabrielemariotti.cards:cardslib-core:2.0.1:28:5
MERGED from com.android.support:cardview-v7:21.0.0:16:5
MERGED from com.android.support:support-v4:21.0.3:16:5
MERGED from com.android.support:palette-v7:21.0.3:16:5
MERGED from com.android.support:support-v4:21.0.3:16:5
MERGED from com.github.dmytrodanylyk.circular-progress-button:library:1.1.3:12:5
MERGED from com.android.support:support-v4:21.0.3:16:5
MERGED from com.android.support:appcompat-v7:21.0.3:16:5
MERGED from com.android.support:support-v4:21.0.3:16:5
	android:label
		ADDED from AndroidManifest.xml:18:9
	android:allowBackup
		ADDED from AndroidManifest.xml:16:9
	android:icon
		ADDED from AndroidManifest.xml:17:9
activity#com.lovejoy777.rroandlayersmanager.menu
ADDED from AndroidManifest.xml:19:9
	android:noHistory
		ADDED from AndroidManifest.xml:21:13
	android:theme
		ADDED from AndroidManifest.xml:22:13
	android:name
		ADDED from AndroidManifest.xml:20:13
intent-filter#android.intent.action.MAIN+android.intent.category.LAUNCHER
ADDED from AndroidManifest.xml:23:13
action#android.intent.action.MAIN
ADDED from AndroidManifest.xml:24:17
	android:name
		ADDED from AndroidManifest.xml:24:25
category#android.intent.category.LAUNCHER
ADDED from AndroidManifest.xml:26:17
	android:name
		ADDED from AndroidManifest.xml:26:27
activity#com.lovejoy777.rroandlayersmanager.ColorMain
ADDED from AndroidManifest.xml:29:9
	android:label
		ADDED from AndroidManifest.xml:32:13
	android:icon
		ADDED from AndroidManifest.xml:31:13
	android:theme
		ADDED from AndroidManifest.xml:34:13
	android:parentActivityName
		ADDED from AndroidManifest.xml:33:13
	android:name
		ADDED from AndroidManifest.xml:30:13
intent-filter#android.intent.category.DEFAULT+com.lovejoy777.rroandlayersmanager.COLORPICKER
ADDED from AndroidManifest.xml:35:13
action#com.lovejoy777.rroandlayersmanager.COLORPICKER
ADDED from AndroidManifest.xml:36:17
	android:name
		ADDED from AndroidManifest.xml:36:25
category#android.intent.category.DEFAULT
ADDED from AndroidManifest.xml:38:17
	android:name
		ADDED from AndroidManifest.xml:38:27
activity#com.lovejoy777.rroandlayersmanager.managers.CardManager
ADDED from AndroidManifest.xml:41:9
	android:label
		ADDED from AndroidManifest.xml:44:13
	android:icon
		ADDED from AndroidManifest.xml:43:13
	android:theme
		ADDED from AndroidManifest.xml:46:13
	android:parentActivityName
		ADDED from AndroidManifest.xml:45:13
	android:name
		ADDED from AndroidManifest.xml:42:13
intent-filter#android.intent.category.DEFAULT+com.lovejoy777.rroandlayersmanager.CARDMANAGER
ADDED from AndroidManifest.xml:47:13
action#com.lovejoy777.rroandlayersmanager.CARDMANAGER
ADDED from AndroidManifest.xml:48:17
	android:name
		ADDED from AndroidManifest.xml:48:25
activity#com.lovejoy777.rroandlayersmanager.managers.GridManager
ADDED from AndroidManifest.xml:53:9
	android:label
		ADDED from AndroidManifest.xml:56:13
	android:icon
		ADDED from AndroidManifest.xml:55:13
	android:theme
		ADDED from AndroidManifest.xml:58:13
	android:parentActivityName
		ADDED from AndroidManifest.xml:57:13
	android:name
		ADDED from AndroidManifest.xml:54:13
intent-filter#android.intent.category.DEFAULT+com.lovejoy777.rroandlayersmanager.GRIDMANAGER
ADDED from AndroidManifest.xml:59:13
action#com.lovejoy777.rroandlayersmanager.GRIDMANAGER
ADDED from AndroidManifest.xml:60:17
	android:name
		ADDED from AndroidManifest.xml:60:25
activity#com.lovejoy777.rroandlayersmanager.BackUpRestore
ADDED from AndroidManifest.xml:66:9
	android:noHistory
		ADDED from AndroidManifest.xml:69:13
	android:icon
		ADDED from AndroidManifest.xml:68:13
	android:theme
		ADDED from AndroidManifest.xml:71:13
	android:parentActivityName
		ADDED from AndroidManifest.xml:70:13
	android:name
		ADDED from AndroidManifest.xml:67:13
intent-filter#android.intent.category.DEFAULT+com.lovejoy777.rroandlayersmanager.BACKUPRESTOR
ADDED from AndroidManifest.xml:72:13
action#com.lovejoy777.rroandlayersmanager.BACKUPRESTOR
ADDED from AndroidManifest.xml:73:17
	android:name
		ADDED from AndroidManifest.xml:73:25
activity#com.lovejoy777.rroandlayersmanager.backups.CardBackupRestore
ADDED from AndroidManifest.xml:78:9
	android:label
		ADDED from AndroidManifest.xml:81:13
	android:icon
		ADDED from AndroidManifest.xml:80:13
	android:theme
		ADDED from AndroidManifest.xml:83:13
	android:parentActivityName
		ADDED from AndroidManifest.xml:82:13
	android:name
		ADDED from AndroidManifest.xml:79:13
intent-filter#android.intent.category.DEFAULT+com.lovejoy777.rroandlayersmanager.CARDBACKUPRESTORE
ADDED from AndroidManifest.xml:84:13
action#com.lovejoy777.rroandlayersmanager.CARDBACKUPRESTORE
ADDED from AndroidManifest.xml:85:17
	android:name
		ADDED from AndroidManifest.xml:85:25
activity#com.lovejoy777.rroandlayersmanager.backups.GridBackupRestore
ADDED from AndroidManifest.xml:90:9
	android:label
		ADDED from AndroidManifest.xml:93:13
	android:icon
		ADDED from AndroidManifest.xml:92:13
	android:theme
		ADDED from AndroidManifest.xml:95:13
	android:parentActivityName
		ADDED from AndroidManifest.xml:94:13
	android:name
		ADDED from AndroidManifest.xml:91:13
intent-filter#android.intent.category.DEFAULT+com.lovejoy777.rroandlayersmanager.GRIDBACKUPRETORE
ADDED from AndroidManifest.xml:96:13
action#com.lovejoy777.rroandlayersmanager.GRIDBACKUPRETORE
ADDED from AndroidManifest.xml:97:17
	android:name
		ADDED from AndroidManifest.xml:97:25
activity#com.lovejoy777.rroandlayersmanager.DeleteLayers
ADDED from AndroidManifest.xml:102:9
	android:noHistory
		ADDED from AndroidManifest.xml:105:13
	android:icon
		ADDED from AndroidManifest.xml:104:13
	android:theme
		ADDED from AndroidManifest.xml:107:13
	android:parentActivityName
		ADDED from AndroidManifest.xml:106:13
	android:name
		ADDED from AndroidManifest.xml:103:13
intent-filter#android.intent.category.DEFAULT+com.lovejoy777.rroandlayersmanager.DELETELAYERS
ADDED from AndroidManifest.xml:108:13
action#com.lovejoy777.rroandlayersmanager.DELETELAYERS
ADDED from AndroidManifest.xml:109:17
	android:name
		ADDED from AndroidManifest.xml:109:25
activity#com.lovejoy777.rroandlayersmanager.deleters.CardDeleteLayers
ADDED from AndroidManifest.xml:114:9
	android:label
		ADDED from AndroidManifest.xml:117:13
	android:icon
		ADDED from AndroidManifest.xml:116:13
	android:theme
		ADDED from AndroidManifest.xml:119:13
	android:parentActivityName
		ADDED from AndroidManifest.xml:118:13
	android:name
		ADDED from AndroidManifest.xml:115:13
intent-filter#android.intent.category.DEFAULT+com.lovejoy777.rroandlayersmanager.CARDDELETELAYERS
ADDED from AndroidManifest.xml:120:13
action#com.lovejoy777.rroandlayersmanager.CARDDELETELAYERS
ADDED from AndroidManifest.xml:121:17
	android:name
		ADDED from AndroidManifest.xml:121:25
activity#com.lovejoy777.rroandlayersmanager.deleters.GridDeleteLayers
ADDED from AndroidManifest.xml:126:9
	android:label
		ADDED from AndroidManifest.xml:129:13
	android:icon
		ADDED from AndroidManifest.xml:128:13
	android:theme
		ADDED from AndroidManifest.xml:131:13
	android:parentActivityName
		ADDED from AndroidManifest.xml:130:13
	android:name
		ADDED from AndroidManifest.xml:127:13
intent-filter#android.intent.category.DEFAULT+com.lovejoy777.rroandlayersmanager.GRIDDELETELAYERS
ADDED from AndroidManifest.xml:132:13
action#com.lovejoy777.rroandlayersmanager.GRIDDELETELAYERS
ADDED from AndroidManifest.xml:133:17
	android:name
		ADDED from AndroidManifest.xml:133:25
activity#com.lovejoy777.rroandlayersmanager.Settings
ADDED from AndroidManifest.xml:138:9
	android:label
		ADDED from AndroidManifest.xml:141:13
	android:icon
		ADDED from AndroidManifest.xml:140:13
	android:theme
		ADDED from AndroidManifest.xml:142:13
	android:name
		ADDED from AndroidManifest.xml:139:13
intent-filter#android.intent.category.DEFAULT+com.lovejoy777.rroandlayersmanager.SETTINGS
ADDED from AndroidManifest.xml:143:13
action#com.lovejoy777.rroandlayersmanager.SETTINGS
ADDED from AndroidManifest.xml:144:17
	android:name
		ADDED from AndroidManifest.xml:144:25
activity#com.lovejoy777.rroandlayersmanager.GridViewActivity
ADDED from AndroidManifest.xml:149:9
	android:label
		ADDED from AndroidManifest.xml:152:13
	android:icon
		ADDED from AndroidManifest.xml:151:13
	android:theme
		ADDED from AndroidManifest.xml:155:13
	android:largeHeap
		ADDED from AndroidManifest.xml:153:13
	android:parentActivityName
		ADDED from AndroidManifest.xml:154:13
	android:name
		ADDED from AndroidManifest.xml:150:13
intent-filter#android.intent.category.DEFAULT+com.lovejoy777.rroandlayersmanager.GRIDVIEWACTIVITY
ADDED from AndroidManifest.xml:156:13
action#com.lovejoy777.rroandlayersmanager.GRIDVIEWACTIVITY
ADDED from AndroidManifest.xml:157:17
	android:name
		ADDED from AndroidManifest.xml:157:25
activity#com.lovejoy777.rroandlayersmanager.FullScreenViewActivity
ADDED from AndroidManifest.xml:162:9
	android:label
		ADDED from AndroidManifest.xml:165:13
	android:icon
		ADDED from AndroidManifest.xml:164:13
	android:theme
		ADDED from AndroidManifest.xml:167:13
	android:parentActivityName
		ADDED from AndroidManifest.xml:166:13
	android:name
		ADDED from AndroidManifest.xml:163:13
activity#com.lovejoy777.rroandlayersmanager.DeletePreview
ADDED from AndroidManifest.xml:170:9
	android:label
		ADDED from AndroidManifest.xml:173:13
	android:icon
		ADDED from AndroidManifest.xml:172:13
	android:theme
		ADDED from AndroidManifest.xml:175:13
	android:parentActivityName
		ADDED from AndroidManifest.xml:174:13
	android:name
		ADDED from AndroidManifest.xml:171:13
intent-filter#android.intent.category.DEFAULT+com.lovejoy777.rroandlayersmanager.DELETEPREVIEW
ADDED from AndroidManifest.xml:176:13
action#com.lovejoy777.rroandlayersmanager.DELETEPREVIEW
ADDED from AndroidManifest.xml:177:17
	android:name
		ADDED from AndroidManifest.xml:177:25
activity#com.lovejoy777.rroandlayersmanager.filepicker.FilePickerActivity
ADDED from AndroidManifest.xml:182:9
	android:label
		ADDED from AndroidManifest.xml:184:13
	android:theme
		ADDED from AndroidManifest.xml:185:13
	android:name
		ADDED from AndroidManifest.xml:183:13
intent-filter#android.intent.action.GET_CONTENT+android.intent.category.DEFAULT
ADDED from AndroidManifest.xml:186:13
action#android.intent.action.GET_CONTENT
ADDED from AndroidManifest.xml:187:17
	android:name
		ADDED from AndroidManifest.xml:187:25
activity#com.lovejoy777.rroandlayersmanager.Instructions
ADDED from AndroidManifest.xml:191:9
	android:label
		ADDED from AndroidManifest.xml:194:13
	android:icon
		ADDED from AndroidManifest.xml:193:13
	android:theme
		ADDED from AndroidManifest.xml:196:13
	android:parentActivityName
		ADDED from AndroidManifest.xml:195:13
	android:name
		ADDED from AndroidManifest.xml:192:13
intent-filter#android.intent.action.INSTRUCTIONS+android.intent.category.DEFAULT
ADDED from AndroidManifest.xml:197:13
action#android.intent.action.INSTRUCTIONS
ADDED from AndroidManifest.xml:198:17
	android:name
		ADDED from AndroidManifest.xml:198:25
activity#com.lovejoy777.rroandlayersmanager.About
ADDED from AndroidManifest.xml:203:9
	android:label
		ADDED from AndroidManifest.xml:206:13
	android:icon
		ADDED from AndroidManifest.xml:205:13
	android:theme
		ADDED from AndroidManifest.xml:208:13
	android:parentActivityName
		ADDED from AndroidManifest.xml:207:13
	android:name
		ADDED from AndroidManifest.xml:204:13
intent-filter#android.intent.action.ABOUT+android.intent.category.DEFAULT
ADDED from AndroidManifest.xml:209:13
action#android.intent.action.ABOUT
ADDED from AndroidManifest.xml:210:17
	android:name
		ADDED from AndroidManifest.xml:210:25
activity#com.lovejoy777.rroandlayersmanager.ChangeLog
ADDED from AndroidManifest.xml:215:9
	android:label
		ADDED from AndroidManifest.xml:218:13
	android:icon
		ADDED from AndroidManifest.xml:217:13
	android:theme
		ADDED from AndroidManifest.xml:220:13
	android:parentActivityName
		ADDED from AndroidManifest.xml:219:13
	android:name
		ADDED from AndroidManifest.xml:216:13
intent-filter#android.intent.action.CHANGELOG+android.intent.category.DEFAULT
ADDED from AndroidManifest.xml:221:13
action#android.intent.action.CHANGELOG
ADDED from AndroidManifest.xml:222:17
	android:name
		ADDED from AndroidManifest.xml:222:25
activity#com.lovejoy777.rroandlayersmanager.InstallAll
ADDED from AndroidManifest.xml:227:9
	android:theme
		ADDED from AndroidManifest.xml:230:13
	android:parentActivityName
		ADDED from AndroidManifest.xml:229:13
	android:name
		ADDED from AndroidManifest.xml:228:13
intent-filter#android.intent.action.INSTALLALL+android.intent.category.DEFAULT
ADDED from AndroidManifest.xml:231:13
action#android.intent.action.INSTALLALL
ADDED from AndroidManifest.xml:232:17
	android:name
		ADDED from AndroidManifest.xml:232:25
activity#com.lovejoy777.rroandlayersmanager.PlaystoreSuperUser
ADDED from AndroidManifest.xml:237:9
	android:screenOrientation
		ADDED from AndroidManifest.xml:240:13
	android:icon
		ADDED from AndroidManifest.xml:239:13
	android:name
		ADDED from AndroidManifest.xml:238:13
intent-filter#android.intent.category.DEFAULT+com.lovejoy777.rroandlayersmanager.PLAYSU
ADDED from AndroidManifest.xml:241:13
action#com.lovejoy777.rroandlayersmanager.PLAYSU
ADDED from AndroidManifest.xml:242:17
	android:name
		ADDED from AndroidManifest.xml:242:25
uses-sdk
INJECTED from AndroidManifest.xml:0:0 reason: use-sdk injection requested
MERGED from com.github.gabrielemariotti.cards:cardslib-core:2.0.1:24:5
MERGED from com.android.support:cardview-v7:21.0.0:15:5
MERGED from com.android.support:support-v4:21.0.3:15:5
MERGED from com.android.support:palette-v7:21.0.3:15:5
MERGED from com.android.support:support-v4:21.0.3:15:5
MERGED from com.larswerkman:HoloColorPicker:1.5:5:5
MERGED from com.github.dmytrodanylyk.circular-progress-button:library:1.1.3:8:5
MERGED from com.mikepenz.materialdrawer:library:2.0.7:8:5
MERGED from com.mikepenz.iconics:library:0.7.8:8:5
MERGED from com.android.support:support-v4:21.0.3:15:5
MERGED from com.android.support:appcompat-v7:21.0.3:15:5
MERGED from com.android.support:support-v4:21.0.3:15:5
	android:targetSdkVersion
		INJECTED from AndroidManifest.xml:0:0
		INJECTED from AndroidManifest.xml:0:0
	android:minSdkVersion
		INJECTED from AndroidManifest.xml:0:0
		INJECTED from AndroidManifest.xml:0:0